<?xml version="1.0" encoding="UTF-8"?>
<!-- Generated by org.testng.reporters.JUnitXMLReporter -->
<testsuite hostname="DESKTOP-3HG5QSF" ignored="0" name="QATesting" tests="3" failures="0" timestamp="2022-07-06T03:54:45 PDT" time="46.498" errors="0">
  <testcase name="Resistration" time="20.782" classname="TestablePackage.CreateAccount"/>
  <testcase name="Screenshot" time="12.582" classname="TestablePackage.SceenShot"/>
  <testcase name="ActiveElement" time="13.045" classname="TestablePackage.FrameHandle"/>
</testsuite> <!-- QATesting -->
