<?xml version="1.0" encoding="UTF-8"?>
<!-- Generated by org.testng.reporters.JUnitXMLReporter -->
<testsuite hostname="DESKTOP-3HG5QSF" ignored="0" name="LoginTest" tests="2" failures="1" timestamp="2022-07-06T22:50:15 PDT" time="0.065" errors="0">
  <testcase name="LoginByEmail" time="0.009" classname="TestablePackage.ListenerLogin"/>
  <testcase name="Loginfacebbok" time="0.008" classname="TestablePackage.ListenerLogin">
    <failure type="java.lang.AssertionError" message="expected [Dines] but found [Dinesh]">
      <![CDATA[java.lang.AssertionError: expected [Dines] but found [Dinesh]
at TestablePackage.ListenerLogin.Loginfacebbok(ListenerLogin.java:19)
at java.util.ArrayList.forEach(Unknown Source)
... Removed 33 stack frames]]>
    </failure>
  </testcase> <!-- Loginfacebbok -->
</testsuite> <!-- LoginTest -->
