<?xml version="1.0" encoding="UTF-8"?>
<!-- Generated by org.testng.reporters.JUnitXMLReporter -->
<testsuite hostname="DESKTOP-3HG5QSF" ignored="0" name="groupTest" tests="5" failures="0" timestamp="2022-07-06T04:17:14 PDT" time="0.074" errors="0">
  <testcase name="Absraction" time="0.009" classname="TestablePackage.GroupingTest"/>
  <testcase name="Inheritance" time="0.001" classname="TestablePackage.GroupingTest"/>
  <testcase name="IntegatTest" time="0.004" classname="TestablePackage.GroupingTest"/>
  <testcase name="Sanitytest" time="0.002" classname="TestablePackage.GroupingTest"/>
  <testcase name="UnitTest" time="0.002" classname="TestablePackage.GroupingTest"/>
</testsuite> <!-- groupTest -->
